0 info it worked if it ends with ok
1 verbose cli [ '/usr/local/bin/node', '/usr/local/bin/npm', 'publish' ]
2 info using npm@2.15.9
3 info using node@v4.5.0
4 verbose publish [ '.' ]
5 silly cache add args [ '.', null ]
6 verbose cache add spec .
7 silly cache add parsed spec Result {
7 silly cache add   raw: '.',
7 silly cache add   scope: null,
7 silly cache add   name: null,
7 silly cache add   rawSpec: '.',
7 silly cache add   spec: '/Users/jack/Projects/typeahead',
7 silly cache add   type: 'directory' }
8 verbose addLocalDirectory /Users/jack/.npm/typeahead/0.0.3/package.tgz not in flight; packing
9 verbose correctMkdir /Users/jack/.npm correctMkdir not in flight; initializing
10 verbose tar pack [ '/Users/jack/.npm/typeahead/0.0.3/package.tgz',
10 verbose tar pack   '/Users/jack/Projects/typeahead' ]
11 verbose tarball /Users/jack/.npm/typeahead/0.0.3/package.tgz
12 verbose folder /Users/jack/Projects/typeahead
13 info prepublish typeahead@0.0.3
14 verbose addLocalTarball adding from inside cache /Users/jack/.npm/typeahead/0.0.3/package.tgz
15 verbose correctMkdir /Users/jack/.npm correctMkdir not in flight; initializing
16 silly cache afterAdd typeahead@0.0.3
17 verbose afterAdd /Users/jack/.npm/typeahead/0.0.3/package/package.json not in flight; writing
18 verbose correctMkdir /Users/jack/.npm correctMkdir not in flight; initializing
19 verbose afterAdd /Users/jack/.npm/typeahead/0.0.3/package/package.json written
20 silly publish { name: 'typeahead',
20 silly publish   version: '0.0.3',
20 silly publish   description: 'A simple typeahead',
20 silly publish   main: 'lib/Typeahead.js',
20 silly publish   scripts: { build: 'browserify . -t [envify --NODE_ENV production] | uglifyjs -cm > js/bundle.min.js' },
20 silly publish   author: { name: 'Pritesh Gupta' },
20 silly publish   license: 'MIT',
20 silly publish   dependencies: { react: '0.14.1', 'react-dom': '0.14.1' },
20 silly publish   repository:
20 silly publish    { type: 'git',
20 silly publish      url: 'git+https://github.com/yaccio/typeahead.git' },
20 silly publish   devDependencies:
20 silly publish    { 'babel-preset-react': '^6.5.0',
20 silly publish      babelify: '^7.2.0',
20 silly publish      browserify: '13.0.0',
20 silly publish      envify: '3.4.0',
20 silly publish      'http-server': '0.8.5',
20 silly publish      'node-sass': '^3.4.2',
20 silly publish      'uglify-js': '2.5.0',
20 silly publish      watchify: '3.7.0' },
20 silly publish   browserify: { transform: [ [Object] ] },
20 silly publish   readme: '# React Typeahead\n\nA simple typeahead\n',
20 silly publish   readmeFilename: 'README.md',
20 silly publish   gitHead: 'd5e6a2980b1cd3c35c48d3047e768ba49ea4ec03',
20 silly publish   bugs: { url: 'https://github.com/yaccio/typeahead/issues' },
20 silly publish   homepage: 'https://github.com/yaccio/typeahead#readme',
20 silly publish   _id: 'typeahead@0.0.3',
20 silly publish   _shasum: '9ebd3fb8672cb0e6d10dad96ac579eeabb7c4d02',
20 silly publish   _from: '.' }
21 verbose getPublishConfig undefined
22 silly mapToRegistry name typeahead
23 silly mapToRegistry using default registry
24 silly mapToRegistry registry https://registry.npmjs.org/
25 silly mapToRegistry data Result {
25 silly mapToRegistry   raw: 'typeahead',
25 silly mapToRegistry   scope: null,
25 silly mapToRegistry   name: 'typeahead',
25 silly mapToRegistry   rawSpec: '',
25 silly mapToRegistry   spec: 'latest',
25 silly mapToRegistry   type: 'tag' }
26 silly mapToRegistry uri https://registry.npmjs.org/typeahead
27 verbose publish registryBase https://registry.npmjs.org/
28 silly publish uploading /Users/jack/.npm/typeahead/0.0.3/package.tgz
29 verbose request uri https://registry.npmjs.org/typeahead
30 verbose request sending authorization for write operation
31 info attempt registry request try #1 at 2:03:04 PM
32 verbose request using bearer token for auth
33 verbose request id 67dde9a24a3b71ce
34 http request PUT https://registry.npmjs.org/typeahead
35 http 403 https://registry.npmjs.org/typeahead
36 verbose headers { 'content-type': 'application/json',
36 verbose headers   'cache-control': 'max-age=300',
36 verbose headers   'content-length': '103',
36 verbose headers   'accept-ranges': 'bytes',
36 verbose headers   date: 'Thu, 27 Oct 2016 12:03:05 GMT',
36 verbose headers   via: '1.1 varnish',
36 verbose headers   connection: 'keep-alive',
36 verbose headers   'x-served-by': 'cache-bma7022-BMA',
36 verbose headers   'x-cache': 'MISS',
36 verbose headers   'x-cache-hits': '0',
36 verbose headers   'x-timer': 'S1477569784.557771,VS0,VE711',
36 verbose headers   vary: 'Accept-Encoding' }
37 verbose request invalidating /Users/jack/.npm/registry.npmjs.org/typeahead on PUT
38 error publish Failed PUT 403
39 verbose stack Error: you do not have permission to publish "typeahead". Are you logged in as the correct user? : typeahead
39 verbose stack     at makeError (/usr/local/lib/node_modules/npm/node_modules/npm-registry-client/lib/request.js:264:12)
39 verbose stack     at CachingRegistryClient.<anonymous> (/usr/local/lib/node_modules/npm/node_modules/npm-registry-client/lib/request.js:252:14)
39 verbose stack     at Request._callback (/usr/local/lib/node_modules/npm/node_modules/npm-registry-client/lib/request.js:172:14)
39 verbose stack     at Request.self.callback (/usr/local/lib/node_modules/npm/node_modules/request/request.js:200:22)
39 verbose stack     at emitTwo (events.js:87:13)
39 verbose stack     at Request.emit (events.js:172:7)
39 verbose stack     at Request.<anonymous> (/usr/local/lib/node_modules/npm/node_modules/request/request.js:1067:10)
39 verbose stack     at emitOne (events.js:82:20)
39 verbose stack     at Request.emit (events.js:169:7)
39 verbose stack     at IncomingMessage.<anonymous> (/usr/local/lib/node_modules/npm/node_modules/request/request.js:988:12)
40 verbose statusCode 403
41 verbose pkgid typeahead
42 verbose cwd /Users/jack/Projects/typeahead
43 error Darwin 15.6.0
44 error argv "/usr/local/bin/node" "/usr/local/bin/npm" "publish"
45 error node v4.5.0
46 error npm  v2.15.9
47 error code E403
48 error you do not have permission to publish "typeahead". Are you logged in as the correct user? : typeahead
49 error If you need help, you may report this error at:
49 error     <https://github.com/npm/npm/issues>
50 verbose exit [ 1, true ]
